#
# There is insufficient memory for the Java Runtime Environment to continue.
# Native memory allocation (mmap) failed to map 108003328 bytes for G1 virtual space
# Possible reasons:
#   The system is out of physical RAM or swap space
#   The process is running with CompressedOops enabled, and the Java Heap may be blocking the growth of the native heap
# Possible solutions:
#   Reduce memory load on the system
#   Increase physical memory or swap space
#   Check if swap backing store is full
#   Decrease Java heap size (-Xmx/-Xms)
#   Decrease number of Java threads
#   Decrease Java thread stack sizes (-Xss)
#   Set larger code cache with -XX:ReservedCodeCacheSize=
#   JVM is running with Unscaled Compressed Oops mode in which the Java heap is
#     placed in the first 4GB address space. The Java Heap base address is the
#     maximum limit for the native heap growth. Please use -XX:HeapBaseMinAddress
#     to set the Java Heap base and to place the Java Heap above 4GB virtual address.
# This output file may be truncated or incomplete.
#
#  Out of Memory Error (os_windows.cpp:3617), pid=2804, tid=15216
#
# JRE version: OpenJDK Runtime Environment Temurin-17.0.8.1+1 (17.0.8.1+1) (build 17.0.8.1+1)
# Java VM: OpenJDK 64-Bit Server VM Temurin-17.0.8.1+1 (17.0.8.1+1, mixed mode, emulated-client, tiered, compressed oops, compressed class ptrs, g1 gc, windows-amd64)
# No core dump will be written. Minidumps are not enabled by default on client versions of Windows
#

---------------  S U M M A R Y ------------

Command Line: -Dcom.sun.management.jmxremote -Dcom.sun.management.jmxremote.port=53261 -Dcom.sun.management.jmxremote.authenticate=false -Dcom.sun.management.jmxremote.ssl=false -Djava.rmi.server.hostname=localhost -Dspring.jmx.enabled=true -Dmanagement.endpoints.jmx.exposure.include=* -Dspring.application.admin.enabled=true -XX:TieredStopAtLevel=1 -Dspring.boot.project.name=Renting_car -Dfile.encoding=UTF-8 -Dstdout.encoding=UTF-8 -Dstderr.encoding=UTF-8 -XX:+ShowCodeDetailsInExceptionMessages Car.project.RentingCarAppApplication --spring.output.ansi.enabled=always

Host: Intel(R) Core(TM) i5-7300U CPU @ 2.60GHz, 4 cores, 7G,  Windows 11 , 64 bit Build 22621 (10.0.22621.3958)
Time: Wed Mar 19 00:10:07 2025 Paris, Madrid elapsed time: 6.866332 seconds (0d 0h 0m 6s)

---------------  T H R E A D  ---------------

Current thread (0x0000024d1a39b660):  VMThread "VM Thread" [stack: 0x00000061cc900000,0x00000061cca00000] [id=15216]

Stack: [0x00000061cc900000,0x00000061cca00000]
Native frames: (J=compiled Java code, j=interpreted, Vv=VM code, C=native code)
V  [jvm.dll+0x678b0a]
V  [jvm.dll+0x835e84]
V  [jvm.dll+0x83762e]
V  [jvm.dll+0x837c93]
V  [jvm.dll+0x24746f]
V  [jvm.dll+0x675859]
V  [jvm.dll+0x66a0ea]
V  [jvm.dll+0x306c7b]
V  [jvm.dll+0x30e166]
V  [jvm.dll+0x35dd3e]
V  [jvm.dll+0x35df6f]
V  [jvm.dll+0x2ddb48]
V  [jvm.dll+0x2dbd0c]
V  [jvm.dll+0x2db2dc]
V  [jvm.dll+0x31f18b]
V  [jvm.dll+0x83c15b]
V  [jvm.dll+0x83ce94]
V  [jvm.dll+0x83d3ac]
V  [jvm.dll+0x83d784]
V  [jvm.dll+0x83d850]
V  [jvm.dll+0x7e64ca]
V  [jvm.dll+0x677955]
C  [ucrtbase.dll+0x29333]
C  [KERNEL32.DLL+0x1257d]
C  [ntdll.dll+0x5af08]

VM_Operation (0x00000061ce1f9780): G1CollectForAllocation, mode: safepoint, requested by thread 0x0000024d1f96e880


---------------  P R O C E S S  ---------------

Threads class SMR info:
_java_thread_list=0x0000024d213a75c0, length=29, elements={
0x0000024d0cde0240, 0x0000024d1a39df00, 0x0000024d1a39f000, 0x0000024d1a3b6240,
0x0000024d1a4012c0, 0x0000024d1a403ca0, 0x0000024d1a406a70, 0x0000024d1a40a930,
0x0000024d1a413340, 0x0000024d1a33a230, 0x0000024d1a33aa50, 0x0000024d1a5b6810,
0x0000024d1f556a60, 0x0000024d1f4990f0, 0x0000024d1f492e10, 0x0000024d1f5b4010,
0x0000024d1f94b280, 0x0000024d1f96e880, 0x0000024d1f9ea4a0, 0x0000024d1f9e9f90,
0x0000024d1f9e9060, 0x0000024d1f9ea9b0, 0x0000024d1f9e9570, 0x0000024d20d30f00,
0x0000024d20d31e30, 0x0000024d20d33270, 0x0000024d20d32d60, 0x0000024d20d309f0,
0x0000024d20d33c90
}

Java Threads: ( => current thread )
  0x0000024d0cde0240 JavaThread "main" [_thread_blocked, id=7328, stack(0x00000061cc300000,0x00000061cc400000)]
  0x0000024d1a39df00 JavaThread "Reference Handler" daemon [_thread_blocked, id=10088, stack(0x00000061cca00000,0x00000061ccb00000)]
  0x0000024d1a39f000 JavaThread "Finalizer" daemon [_thread_blocked, id=9648, stack(0x00000061ccb00000,0x00000061ccc00000)]
  0x0000024d1a3b6240 JavaThread "Signal Dispatcher" daemon [_thread_blocked, id=8528, stack(0x00000061ccc00000,0x00000061ccd00000)]
  0x0000024d1a4012c0 JavaThread "Attach Listener" daemon [_thread_blocked, id=16188, stack(0x00000061ccd00000,0x00000061cce00000)]
  0x0000024d1a403ca0 JavaThread "Service Thread" daemon [_thread_blocked, id=8456, stack(0x00000061cce00000,0x00000061ccf00000)]
  0x0000024d1a406a70 JavaThread "Monitor Deflation Thread" daemon [_thread_blocked, id=13940, stack(0x00000061ccf00000,0x00000061cd000000)]
  0x0000024d1a40a930 JavaThread "C1 CompilerThread0" daemon [_thread_blocked, id=8916, stack(0x00000061cd000000,0x00000061cd100000)]
  0x0000024d1a413340 JavaThread "Sweeper thread" daemon [_thread_blocked, id=8664, stack(0x00000061cd100000,0x00000061cd200000)]
  0x0000024d1a33a230 JavaThread "Common-Cleaner" daemon [_thread_blocked, id=7420, stack(0x00000061cd200000,0x00000061cd300000)]
  0x0000024d1a33aa50 JavaThread "C1 CompilerThread1" daemon [_thread_blocked, id=1532, stack(0x00000061cd300000,0x00000061cd400000)]
  0x0000024d1a5b6810 JavaThread "Notification Thread" daemon [_thread_blocked, id=8544, stack(0x00000061cd400000,0x00000061cd500000)]
  0x0000024d1f556a60 JavaThread "C1 CompilerThread2" daemon [_thread_blocked, id=11588, stack(0x00000061cd600000,0x00000061cd700000)]
  0x0000024d1f4990f0 JavaThread "RMI TCP Accept-0" daemon [_thread_in_native, id=4352, stack(0x00000061cd700000,0x00000061cd800000)]
  0x0000024d1f492e10 JavaThread "RMI TCP Accept-53261" daemon [_thread_in_native, id=15568, stack(0x00000061cd800000,0x00000061cd900000)]
  0x0000024d1f5b4010 JavaThread "RMI TCP Accept-0" daemon [_thread_in_native, id=12940, stack(0x00000061cd900000,0x00000061cda00000)]
  0x0000024d1f94b280 JavaThread "Thread-0" [_thread_blocked, id=5648, stack(0x00000061ce000000,0x00000061ce100000)]
  0x0000024d1f96e880 JavaThread "restartedMain" [_thread_blocked, id=15044, stack(0x00000061ce100000,0x00000061ce200000)]
  0x0000024d1f9ea4a0 JavaThread "RMI TCP Connection(1)-127.0.0.1" daemon [_thread_in_native, id=10100, stack(0x00000061ce200000,0x00000061ce300000)]
  0x0000024d1f9e9f90 JavaThread "RMI TCP Connection(2)-127.0.0.1" daemon [_thread_in_native, id=8052, stack(0x00000061ce300000,0x00000061ce400000)]
  0x0000024d1f9e9060 JavaThread "RMI Scheduler(0)" daemon [_thread_blocked, id=6276, stack(0x00000061ce400000,0x00000061ce500000)]
  0x0000024d1f9ea9b0 JavaThread "JMX server connection timeout 24" daemon [_thread_blocked, id=1032, stack(0x00000061ce500000,0x00000061ce600000)]
  0x0000024d1f9e9570 JavaThread "mysql-cj-abandoned-connection-cleanup" daemon [_thread_blocked, id=14748, stack(0x00000061ce600000,0x00000061ce700000)]
  0x0000024d20d30f00 JavaThread "PostgreSQL-JDBC-Cleaner" daemon [_thread_blocked, id=532, stack(0x00000061ce800000,0x00000061ce900000)]
  0x0000024d20d31e30 JavaThread "HikariPool-1 housekeeper" daemon [_thread_blocked, id=14428, stack(0x00000061ce900000,0x00000061cea00000)]
  0x0000024d20d33270 JavaThread "HikariPool-1 connection adder" daemon [_thread_blocked, id=7392, stack(0x00000061cea00000,0x00000061ceb00000)]
  0x0000024d20d32d60 JavaThread "Catalina-utility-1" [_thread_blocked, id=12944, stack(0x00000061ceb00000,0x00000061cec00000)]
  0x0000024d20d309f0 JavaThread "Catalina-utility-2" [_thread_blocked, id=12452, stack(0x00000061cec00000,0x00000061ced00000)]
  0x0000024d20d33c90 JavaThread "container-0" [_thread_blocked, id=10232, stack(0x00000061ced00000,0x00000061cee00000)]

Other Threads:
=>0x0000024d1a39b660 VMThread "VM Thread" [stack: 0x00000061cc900000,0x00000061cca00000] [id=15216]
  0x0000024d1f3dcb60 WatcherThread [stack: 0x00000061cda00000,0x00000061cdb00000] [id=1456]
  0x0000024d0ce38100 GCTaskThread "GC Thread#0" [stack: 0x00000061cc400000,0x00000061cc500000] [id=7356]
  0x0000024d1f5bc8d0 GCTaskThread "GC Thread#1" [stack: 0x00000061cdb00000,0x00000061cdc00000] [id=5080]
  0x0000024d1f5c4ba0 GCTaskThread "GC Thread#2" [stack: 0x00000061cdc00000,0x00000061cdd00000] [id=4632]
  0x0000024d1f5d51b0 GCTaskThread "GC Thread#3" [stack: 0x00000061cdd00000,0x00000061cde00000] [id=15996]
  0x0000024d0ce49ca0 ConcurrentGCThread "G1 Main Marker" [stack: 0x00000061cc500000,0x00000061cc600000] [id=7892]
  0x0000024d0ce4ce60 ConcurrentGCThread "G1 Conc#0" [stack: 0x00000061cc600000,0x00000061cc700000] [id=7268]
  0x0000024d0ce7eab0 ConcurrentGCThread "G1 Refine#0" [stack: 0x00000061cc700000,0x00000061cc800000] [id=7712]
  0x0000024d1f5cbf80 ConcurrentGCThread "G1 Refine#1" [stack: 0x00000061cde00000,0x00000061cdf00000] [id=8296]
  0x0000024d1f5cc270 ConcurrentGCThread "G1 Refine#2" [stack: 0x00000061cdf00000,0x00000061ce000000] [id=3044]
  0x0000024d1a206a40 ConcurrentGCThread "G1 Service" [stack: 0x00000061cc800000,0x00000061cc900000] [id=4300]

Threads with active compile tasks:

VM state: at safepoint (normal execution)

VM Mutex/Monitor currently owned by a thread:  ([mutex/lock_event])
[0x0000024d0cddaa50] Threads_lock - owner thread: 0x0000024d1a39b660
[0x0000024d0cddbe00] Heap_lock - owner thread: 0x0000024d1f96e880

Heap address: 0x0000000081e00000, size: 2018 MB, Compressed Oops mode: 32-bit

CDS archive(s) not mapped
Compressed class space mapped at: 0x0000000100000000-0x0000000140000000, reserved size: 1073741824
Narrow klass base: 0x0000000000000000, Narrow klass shift: 3, Narrow klass range: 0x140000000

GC Precious Log:
 CPUs: 4 total, 4 available
 Memory: 8067M
 Large Page Support: Disabled
 NUMA Support: Disabled
 Compressed Oops: Enabled (32-bit)
 Heap Region Size: 1M
 Heap Min Capacity: 8M
 Heap Initial Capacity: 128M
 Heap Max Capacity: 2018M
 Pre-touch: Disabled
 Parallel Workers: 4
 Concurrent Workers: 1
 Concurrent Refinement Workers: 4
 Periodic GC: Disabled

Heap:
 garbage-first heap   total 131072K, used 34966K [0x0000000081e00000, 0x0000000100000000)
  region size 1024K, 3 young (3072K), 3 survivors (3072K)
 Metaspace       used 78142K, committed 78784K, reserved 1179648K
  class space    used 11008K, committed 11328K, reserved 1048576K

Heap Regions: E=young(eden), S=young(survivor), O=old, HS=humongous(starts), HC=humongous(continues), CS=collection set, F=free, OA=open archive, CA=closed archive, TAMS=top-at-mark-start (previous, next)
|   0|0x0000000081e00000, 0x0000000081f00000, 0x0000000081f00000|100%|HS|  |TAMS 0x0000000081f00000, 0x0000000081e00000| Complete 
|   1|0x0000000081f00000, 0x0000000082000000, 0x0000000082000000|100%| O|  |TAMS 0x0000000082000000, 0x0000000081f00000| Untracked 
|   2|0x0000000082000000, 0x0000000082100000, 0x0000000082100000|100%| O|  |TAMS 0x0000000082100000, 0x0000000082000000| Untracked 
|   3|0x0000000082100000, 0x0000000082200000, 0x0000000082200000|100%| O|  |TAMS 0x0000000082200000, 0x0000000082100000| Untracked 
|   4|0x0000000082200000, 0x0000000082300000, 0x0000000082300000|100%| O|  |TAMS 0x0000000082300000, 0x0000000082200000| Untracked 
|   5|0x0000000082300000, 0x0000000082400000, 0x0000000082400000|100%| O|  |TAMS 0x0000000082400000, 0x0000000082300000| Untracked 
|   6|0x0000000082400000, 0x0000000082500000, 0x0000000082500000|100%| O|  |TAMS 0x0000000082500000, 0x0000000082400000| Untracked 
|   7|0x0000000082500000, 0x0000000082600000, 0x0000000082600000|100%| O|  |TAMS 0x0000000082600000, 0x0000000082500000| Untracked 
|   8|0x0000000082600000, 0x0000000082700000, 0x0000000082700000|100%| O|  |TAMS 0x0000000082700000, 0x0000000082600000| Untracked 
|   9|0x0000000082700000, 0x0000000082800000, 0x0000000082800000|100%| O|  |TAMS 0x0000000082800000, 0x0000000082700000| Untracked 
|  10|0x0000000082800000, 0x0000000082900000, 0x0000000082900000|100%| O|  |TAMS 0x0000000082900000, 0x0000000082800000| Untracked 
|  11|0x0000000082900000, 0x0000000082a00000, 0x0000000082a00000|100%| O|  |TAMS 0x0000000082a00000, 0x0000000082900000| Untracked 
|  12|0x0000000082a00000, 0x0000000082b00000, 0x0000000082b00000|100%| O|  |TAMS 0x0000000082b00000, 0x0000000082a00000| Untracked 
|  13|0x0000000082b00000, 0x0000000082c00000, 0x0000000082c00000|100%| O|  |TAMS 0x0000000082b00000, 0x0000000082b00000| Untracked 
|  14|0x0000000082c00000, 0x0000000082d00000, 0x0000000082d00000|100%| O|  |TAMS 0x0000000082d00000, 0x0000000082c00000| Untracked 
|  15|0x0000000082d00000, 0x0000000082e00000, 0x0000000082e00000|100%| O|  |TAMS 0x0000000082e00000, 0x0000000082d00000| Untracked 
|  16|0x0000000082e00000, 0x0000000082f00000, 0x0000000082f00000|100%| O|  |TAMS 0x0000000082f00000, 0x0000000082e00000| Untracked 
|  17|0x0000000082f00000, 0x0000000083000000, 0x0000000083000000|100%| O|  |TAMS 0x0000000083000000, 0x0000000082f00000| Untracked 
|  18|0x0000000083000000, 0x0000000083100000, 0x0000000083100000|100%| O|  |TAMS 0x0000000083100000, 0x0000000083000000| Untracked 
|  19|0x0000000083100000, 0x0000000083200000, 0x0000000083200000|100%| O|  |TAMS 0x0000000083200000, 0x0000000083100000| Untracked 
|  20|0x0000000083200000, 0x0000000083200000, 0x0000000083300000|  0%| F|  |TAMS 0x0000000083200000, 0x0000000083200000| Untracked 
|  21|0x0000000083300000, 0x0000000083400000, 0x0000000083400000|100%| O|  |TAMS 0x0000000083400000, 0x0000000083300000| Untracked 
|  22|0x0000000083400000, 0x0000000083500000, 0x0000000083500000|100%| O|  |TAMS 0x0000000083500000, 0x0000000083400000| Untracked 
|  23|0x0000000083500000, 0x0000000083600000, 0x0000000083600000|100%| O|  |TAMS 0x0000000083600000, 0x0000000083500000| Untracked 
|  24|0x0000000083600000, 0x0000000083700000, 0x0000000083700000|100%| O|  |TAMS 0x0000000083700000, 0x0000000083600000| Untracked 
|  25|0x0000000083700000, 0x0000000083800000, 0x0000000083800000|100%| O|  |TAMS 0x0000000083800000, 0x0000000083700000| Untracked 
|  26|0x0000000083800000, 0x0000000083900000, 0x0000000083900000|100%| O|  |TAMS 0x0000000083900000, 0x0000000083800000| Untracked 
|  27|0x0000000083900000, 0x0000000083a00000, 0x0000000083a00000|100%| O|  |TAMS 0x00000000839aec00, 0x0000000083900000| Untracked 
|  28|0x0000000083a00000, 0x0000000083b00000, 0x0000000083b00000|100%| O|  |TAMS 0x0000000083a00000, 0x0000000083a00000| Untracked 
|  29|0x0000000083b00000, 0x0000000083c00000, 0x0000000083c00000|100%| O|  |TAMS 0x0000000083b00000, 0x0000000083b00000| Untracked 
|  30|0x0000000083c00000, 0x0000000083d00000, 0x0000000083d00000|100%| O|  |TAMS 0x0000000083c00000, 0x0000000083c00000| Untracked 
|  31|0x0000000083d00000, 0x0000000083e00000, 0x0000000083e00000|100%| O|  |TAMS 0x0000000083d00000, 0x0000000083d00000| Untracked 
|  32|0x0000000083e00000, 0x0000000083e9ea00, 0x0000000083f00000| 61%| O|  |TAMS 0x0000000083e00000, 0x0000000083e00000| Untracked 
|  33|0x0000000083f00000, 0x0000000083f00000, 0x0000000084000000|  0%| F|  |TAMS 0x0000000083f00000, 0x0000000083f00000| Untracked 
|  34|0x0000000084000000, 0x0000000084000000, 0x0000000084100000|  0%| F|  |TAMS 0x0000000084000000, 0x0000000084000000| Untracked 
|  35|0x0000000084100000, 0x0000000084100000, 0x0000000084200000|  0%| F|  |TAMS 0x0000000084100000, 0x0000000084100000| Untracked 
|  36|0x0000000084200000, 0x0000000084200000, 0x0000000084300000|  0%| F|  |TAMS 0x0000000084200000, 0x0000000084200000| Untracked 
|  37|0x0000000084300000, 0x0000000084300000, 0x0000000084400000|  0%| F|  |TAMS 0x0000000084300000, 0x0000000084300000| Untracked 
|  38|0x0000000084400000, 0x0000000084400000, 0x0000000084500000|  0%| F|  |TAMS 0x0000000084400000, 0x0000000084400000| Untracked 
|  39|0x0000000084500000, 0x0000000084500000, 0x0000000084600000|  0%| F|  |TAMS 0x0000000084500000, 0x0000000084500000| Untracked 
|  40|0x0000000084600000, 0x0000000084600000, 0x0000000084700000|  0%| F|  |TAMS 0x0000000084600000, 0x0000000084600000| Untracked 
|  41|0x0000000084700000, 0x0000000084700000, 0x0000000084800000|  0%| F|  |TAMS 0x0000000084700000, 0x0000000084700000| Untracked 
|  42|0x0000000084800000, 0x0000000084800000, 0x0000000084900000|  0%| F|  |TAMS 0x0000000084800000, 0x0000000084800000| Untracked 
|  43|0x0000000084900000, 0x0000000084900000, 0x0000000084a00000|  0%| F|  |TAMS 0x0000000084900000, 0x0000000084900000| Untracked 
|  44|0x0000000084a00000, 0x0000000084a87100, 0x0000000084b00000| 52%| S|CS|TAMS 0x0000000084a00000, 0x0000000084a00000| Complete 
|  45|0x0000000084b00000, 0x0000000084c00000, 0x0000000084c00000|100%| S|CS|TAMS 0x0000000084b00000, 0x0000000084b00000| Complete 
|  46|0x0000000084c00000, 0x0000000084d00000, 0x0000000084d00000|100%| S|CS|TAMS 0x0000000084c00000, 0x0000000084c00000| Complete 
|  47|0x0000000084d00000, 0x0000000084d00000, 0x0000000084e00000|  0%| F|  |TAMS 0x0000000084d00000, 0x0000000084d00000| Untracked 
|  48|0x0000000084e00000, 0x0000000084e00000, 0x0000000084f00000|  0%| F|  |TAMS 0x0000000084e00000, 0x0000000084e00000| Untracked 
|  49|0x0000000084f00000, 0x0000000084f00000, 0x0000000085000000|  0%| F|  |TAMS 0x0000000084f00000, 0x0000000084f00000| Untracked 
|  50|0x0000000085000000, 0x0000000085000000, 0x0000000085100000|  0%| F|  |TAMS 0x0000000085000000, 0x0000000085000000| Untracked 
|  51|0x0000000085100000, 0x0000000085100000, 0x0000000085200000|  0%| F|  |TAMS 0x0000000085100000, 0x0000000085100000| Untracked 
|  52|0x0000000085200000, 0x0000000085200000, 0x0000000085300000|  0%| F|  |TAMS 0x0000000085200000, 0x0000000085200000| Untracked 
|  53|0x0000000085300000, 0x0000000085300000, 0x0000000085400000|  0%| F|  |TAMS 0x0000000085300000, 0x0000000085300000| Untracked 
|  54|0x0000000085400000, 0x0000000085400000, 0x0000000085500000|  0%| F|  |TAMS 0x0000000085400000, 0x0000000085400000| Untracked 
|  55|0x0000000085500000, 0x0000000085500000, 0x0000000085600000|  0%| F|  |TAMS 0x0000000085500000, 0x0000000085500000| Untracked 
|  56|0x0000000085600000, 0x0000000085600000, 0x0000000085700000|  0%| F|  |TAMS 0x0000000085600000, 0x0000000085600000| Untracked 
|  57|0x0000000085700000, 0x0000000085700000, 0x0000000085800000|  0%| F|  |TAMS 0x0000000085700000, 0x0000000085700000| Untracked 
|  58|0x0000000085800000, 0x0000000085800000, 0x0000000085900000|  0%| F|  |TAMS 0x0000000085800000, 0x0000000085800000| Untracked 
|  59|0x0000000085900000, 0x0000000085900000, 0x0000000085a00000|  0%| F|  |TAMS 0x0000000085900000, 0x0000000085900000| Untracked 
|  60|0x0000000085a00000, 0x0000000085a00000, 0x0000000085b00000|  0%| F|  |TAMS 0x0000000085a00000, 0x0000000085a00000| Untracked 
|  61|0x0000000085b00000, 0x0000000085b00000, 0x0000000085c00000|  0%| F|  |TAMS 0x0000000085b00000, 0x0000000085b00000| Untracked 
|  62|0x0000000085c00000, 0x0000000085c00000, 0x0000000085d00000|  0%| F|  |TAMS 0x0000000085c00000, 0x0000000085c00000| Untracked 
|  63|0x0000000085d00000, 0x0000000085d00000, 0x0000000085e00000|  0%| F|  |TAMS 0x0000000085d00000, 0x0000000085d00000| Untracked 
|  64|0x0000000085e00000, 0x0000000085e00000, 0x0000000085f00000|  0%| F|  |TAMS 0x0000000085e00000, 0x0000000085e00000| Untracked 
|  65|0x0000000085f00000, 0x0000000085f00000, 0x0000000086000000|  0%| F|  |TAMS 0x0000000085f00000, 0x0000000085f00000| Untracked 
|  66|0x0000000086000000, 0x0000000086000000, 0x0000000086100000|  0%| F|  |TAMS 0x0000000086000000, 0x0000000086000000| Untracked 
|  67|0x0000000086100000, 0x0000000086100000, 0x0000000086200000|  0%| F|  |TAMS 0x0000000086100000, 0x0000000086100000| Untracked 
|  68|0x0000000086200000, 0x0000000086200000, 0x0000000086300000|  0%| F|  |TAMS 0x0000000086200000, 0x0000000086200000| Untracked 
|  69|0x0000000086300000, 0x0000000086300000, 0x0000000086400000|  0%| F|  |TAMS 0x0000000086300000, 0x0000000086300000| Untracked 
|  70|0x0000000086400000, 0x0000000086400000, 0x0000000086500000|  0%| F|  |TAMS 0x0000000086400000, 0x0000000086400000| Untracked 
|  71|0x0000000086500000, 0x0000000086500000, 0x0000000086600000|  0%| F|  |TAMS 0x0000000086500000, 0x0000000086500000| Untracked 
|  72|0x0000000086600000, 0x0000000086600000, 0x0000000086700000|  0%| F|  |TAMS 0x0000000086600000, 0x0000000086600000| Untracked 
|  73|0x0000000086700000, 0x0000000086700000, 0x0000000086800000|  0%| F|  |TAMS 0x0000000086700000, 0x0000000086700000| Untracked 
|  74|0x0000000086800000, 0x0000000086800000, 0x0000000086900000|  0%| F|  |TAMS 0x0000000086800000, 0x0000000086800000| Untracked 
|  75|0x0000000086900000, 0x0000000086900000, 0x0000000086a00000|  0%| F|  |TAMS 0x0000000086900000, 0x0000000086900000| Untracked 
|  76|0x0000000086a00000, 0x0000000086a00000, 0x0000000086b00000|  0%| F|  |TAMS 0x0000000086a00000, 0x0000000086a00000| Untracked 
|  77|0x0000000086b00000, 0x0000000086b00000, 0x0000000086c00000|  0%| F|  |TAMS 0x0000000086b00000, 0x0000000086b00000| Untracked 
|  78|0x0000000086c00000, 0x0000000086c00000, 0x0000000086d00000|  0%| F|  |TAMS 0x0000000086c00000, 0x0000000086c00000| Untracked 
|  79|0x0000000086d00000, 0x0000000086d00000, 0x0000000086e00000|  0%| F|  |TAMS 0x0000000086d00000, 0x0000000086d00000| Untracked 
|  80|0x0000000086e00000, 0x0000000086e00000, 0x0000000086f00000|  0%| F|  |TAMS 0x0000000086e00000, 0x0000000086e00000| Untracked 
|  81|0x0000000086f00000, 0x0000000086f00000, 0x0000000087000000|  0%| F|  |TAMS 0x0000000086f00000, 0x0000000086f00000| Untracked 
|  82|0x0000000087000000, 0x0000000087000000, 0x0000000087100000|  0%| F|  |TAMS 0x0000000087000000, 0x0000000087000000| Untracked 
|  83|0x0000000087100000, 0x0000000087100000, 0x0000000087200000|  0%| F|  |TAMS 0x0000000087100000, 0x0000000087100000| Untracked 
|  84|0x0000000087200000, 0x0000000087200000, 0x0000000087300000|  0%| F|  |TAMS 0x0000000087200000, 0x0000000087200000| Untracked 
|  85|0x0000000087300000, 0x0000000087300000, 0x0000000087400000|  0%| F|  |TAMS 0x0000000087300000, 0x0000000087300000| Untracked 
|  86|0x0000000087400000, 0x0000000087400000, 0x0000000087500000|  0%| F|  |TAMS 0x0000000087400000, 0x0000000087400000| Untracked 
|  87|0x0000000087500000, 0x0000000087500000, 0x0000000087600000|  0%| F|  |TAMS 0x0000000087500000, 0x0000000087500000| Untracked 
|  88|0x0000000087600000, 0x0000000087600000, 0x0000000087700000|  0%| F|  |TAMS 0x0000000087600000, 0x0000000087600000| Untracked 
|  89|0x0000000087700000, 0x0000000087700000, 0x0000000087800000|  0%| F|  |TAMS 0x0000000087700000, 0x0000000087700000| Untracked 
|  90|0x0000000087800000, 0x0000000087800000, 0x0000000087900000|  0%| F|  |TAMS 0x0000000087800000, 0x0000000087800000| Untracked 
|  91|0x0000000087900000, 0x0000000087900000, 0x0000000087a00000|  0%| F|  |TAMS 0x0000000087900000, 0x0000000087900000| Untracked 
|  92|0x0000000087a00000, 0x0000000087a00000, 0x0000000087b00000|  0%| F|  |TAMS 0x0000000087a00000, 0x0000000087a00000| Untracked 
|  93|0x0000000087b00000, 0x0000000087b00000, 0x0000000087c00000|  0%| F|  |TAMS 0x0000000087b00000, 0x0000000087b00000| Untracked 
|  94|0x0000000087c00000, 0x0000000087c00000, 0x0000000087d00000|  0%| F|  |TAMS 0x0000000087c00000, 0x0000000087c00000| Untracked 
|  95|0x0000000087d00000, 0x0000000087d00000, 0x0000000087e00000|  0%| F|  |TAMS 0x0000000087d00000, 0x0000000087d00000| Untracked 
|  96|0x0000000087e00000, 0x0000000087e00000, 0x0000000087f00000|  0%| F|  |TAMS 0x0000000087e00000, 0x0000000087e00000| Untracked 
|  97|0x0000000087f00000, 0x0000000087f00000, 0x0000000088000000|  0%| F|  |TAMS 0x0000000087f00000, 0x0000000087f00000| Untracked 
|  98|0x0000000088000000, 0x0000000088000000, 0x0000000088100000|  0%| F|  |TAMS 0x0000000088000000, 0x0000000088000000| Untracked 
|  99|0x0000000088100000, 0x0000000088100000, 0x0000000088200000|  0%| F|  |TAMS 0x0000000088100000, 0x0000000088100000| Untracked 
| 100|0x0000000088200000, 0x0000000088200000, 0x0000000088300000|  0%| F|  |TAMS 0x0000000088200000, 0x0000000088200000| Untracked 
| 101|0x0000000088300000, 0x0000000088300000, 0x0000000088400000|  0%| F|  |TAMS 0x0000000088300000, 0x0000000088300000| Untracked 
| 102|0x0000000088400000, 0x0000000088400000, 0x0000000088500000|  0%| F|  |TAMS 0x0000000088400000, 0x0000000088400000| Untracked 
| 103|0x0000000088500000, 0x0000000088500000, 0x0000000088600000|  0%| F|  |TAMS 0x0000000088500000, 0x0000000088500000| Untracked 
| 104|0x0000000088600000, 0x0000000088600000, 0x0000000088700000|  0%| F|  |TAMS 0x0000000088600000, 0x0000000088600000| Untracked 
| 105|0x0000000088700000, 0x0000000088700000, 0x0000000088800000|  0%| F|  |TAMS 0x0000000088700000, 0x0000000088700000| Untracked 
| 106|0x0000000088800000, 0x0000000088800000, 0x0000000088900000|  0%| F|  |TAMS 0x0000000088800000, 0x0000000088800000| Untracked 
| 107|0x0000000088900000, 0x0000000088900000, 0x0000000088a00000|  0%| F|  |TAMS 0x0000000088900000, 0x0000000088900000| Untracked 
| 108|0x0000000088a00000, 0x0000000088a00000, 0x0000000088b00000|  0%| F|  |TAMS 0x0000000088a00000, 0x0000000088a00000| Untracked 
| 109|0x0000000088b00000, 0x0000000088b00000, 0x0000000088c00000|  0%| F|  |TAMS 0x0000000088b00000, 0x0000000088b00000| Untracked 
| 110|0x0000000088c00000, 0x0000000088c00000, 0x0000000088d00000|  0%| F|  |TAMS 0x0000000088c00000, 0x0000000088c00000| Untracked 
| 111|0x0000000088d00000, 0x0000000088d00000, 0x0000000088e00000|  0%| F|  |TAMS 0x0000000088d00000, 0x0000000088d00000| Untracked 
| 112|0x0000000088e00000, 0x0000000088e00000, 0x0000000088f00000|  0%| F|  |TAMS 0x0000000088e00000, 0x0000000088e00000| Untracked 
| 113|0x0000000088f00000, 0x0000000088f00000, 0x0000000089000000|  0%| F|  |TAMS 0x0000000088f00000, 0x0000000088f00000| Untracked 
| 114|0x0000000089000000, 0x0000000089000000, 0x0000000089100000|  0%| F|  |TAMS 0x0000000089000000, 0x0000000089000000| Untracked 
| 115|0x0000000089100000, 0x0000000089100000, 0x0000000089200000|  0%| F|  |TAMS 0x0000000089100000, 0x0000000089100000| Untracked 
| 116|0x0000000089200000, 0x0000000089200000, 0x0000000089300000|  0%| F|  |TAMS 0x0000000089200000, 0x0000000089200000| Untracked 
| 117|0x0000000089300000, 0x0000000089300000, 0x0000000089400000|  0%| F|  |TAMS 0x0000000089300000, 0x0000000089300000| Untracked 
| 118|0x0000000089400000, 0x0000000089400000, 0x0000000089500000|  0%| F|  |TAMS 0x0000000089400000, 0x0000000089400000| Untracked 
| 119|0x0000000089500000, 0x0000000089500000, 0x0000000089600000|  0%| F|  |TAMS 0x0000000089500000, 0x0000000089500000| Untracked 
| 120|0x0000000089600000, 0x0000000089600000, 0x0000000089700000|  0%| F|  |TAMS 0x0000000089600000, 0x0000000089600000| Untracked 
| 121|0x0000000089700000, 0x0000000089700000, 0x0000000089800000|  0%| F|  |TAMS 0x0000000089700000, 0x0000000089700000| Untracked 
| 122|0x0000000089800000, 0x0000000089800000, 0x0000000089900000|  0%| F|  |TAMS 0x0000000089800000, 0x0000000089800000| Untracked 
| 123|0x0000000089900000, 0x0000000089900000, 0x0000000089a00000|  0%| F|  |TAMS 0x0000000089900000, 0x0000000089900000| Untracked 
| 124|0x0000000089a00000, 0x0000000089a00000, 0x0000000089b00000|  0%| F|  |TAMS 0x0000000089a00000, 0x0000000089a00000| Untracked 
| 125|0x0000000089b00000, 0x0000000089b00000, 0x0000000089c00000|  0%| F|  |TAMS 0x0000000089b00000, 0x0000000089b00000| Untracked 
| 126|0x0000000089c00000, 0x0000000089c00000, 0x0000000089d00000|  0%| F|  |TAMS 0x0000000089c00000, 0x0000000089c00000| Untracked 
| 127|0x0000000089d00000, 0x0000000089d00000, 0x0000000089e00000|  0%| F|  |TAMS 0x0000000089d00000, 0x0000000089d00000| Untracked 

Card table byte_map: [0x0000024d13880000,0x0000024d13c80000] _byte_map_base: 0x0000024d13471000

Marking Bits (Prev, Next): (CMBitMap*) 0x0000024d0ce39730, (CMBitMap*) 0x0000024d0ce39770
 Prev Bits: [0x0000024d14080000, 0x0000024d16008000)
 Next Bits: [0x0000024d16010000, 0x0000024d17f98000)

Polling page: 0x0000024d0c580000

Metaspace:

Usage:
  Non-class:     65.56 MB used.
      Class:     10.75 MB used.
       Both:     76.31 MB used.

Virtual space:
  Non-class space:      128.00 MB reserved,      65.88 MB ( 51%) committed,  2 nodes.
      Class space:        1.00 GB reserved,      11.06 MB (  1%) committed,  1 nodes.
             Both:        1.12 GB reserved,      76.94 MB (  7%) committed. 

Chunk freelists:
   Non-Class:  13.77 MB
       Class:  4.92 MB
        Both:  18.69 MB

MaxMetaspaceSize: unlimited
CompressedClassSpaceSize: 1.00 GB
Initial GC threshold: 21.00 MB
Current GC threshold: 120.62 MB
CDS: off
MetaspaceReclaimPolicy: balanced
 - commit_granule_bytes: 65536.
 - commit_granule_words: 8192.
 - virtual_space_node_default_size: 8388608.
 - enlarge_chunks_in_place: 1.
 - new_chunks_are_fully_committed: 0.
 - uncommit_free_chunks: 1.
 - use_allocation_guard: 0.
 - handle_deallocations: 1.


Internal statistics:

num_allocs_failed_limit: 16.
num_arena_births: 818.
num_arena_deaths: 0.
num_vsnodes_births: 3.
num_vsnodes_deaths: 0.
num_space_committed: 1231.
num_space_uncommitted: 0.
num_chunks_returned_to_freelist: 16.
num_chunks_taken_from_freelist: 3348.
num_chunk_merges: 14.
num_chunk_splits: 2434.
num_chunks_enlarged: 1896.
num_inconsistent_stats: 0.

CodeCache: size=49152Kb used=12084Kb max_used=12084Kb free=37068Kb
 bounds [0x0000024d10480000, 0x0000024d11050000, 0x0000024d13480000]
 total_blobs=7012 nmethods=6354 adapters=583
 compilation: enabled
              stopped_count=0, restarted_count=0
 full_count=0

Compilation events (20 events):
Event: 6.848 Thread 0x0000024d1f556a60 6345       1       java.util.regex.Pattern::escape (1327 bytes)
Event: 6.851 Thread 0x0000024d1f556a60 nmethod 6345 0x0000024d11044390 code [0x0000024d11044b80, 0x0000024d11048158]
Event: 6.857 Thread 0x0000024d1f556a60 6347       1       org.springframework.core.ResolvableType::resolveVariable (185 bytes)
Event: 6.857 Thread 0x0000024d1a40a930 6346       1       org.springframework.core.ResolvableType$DefaultVariableResolver::resolveVariable (9 bytes)
Event: 6.857 Thread 0x0000024d1a40a930 nmethod 6346 0x0000024d11049090 code [0x0000024d11049220, 0x0000024d11049308]
Event: 6.857 Thread 0x0000024d1a40a930 6348       1       org.springframework.orm.jpa.support.PersistenceAnnotationBeanPostProcessor$$Lambda$621/0x00000001004e5000::<init> (15 bytes)
Event: 6.857 Thread 0x0000024d1a33aa50 6349       1       org.springframework.orm.jpa.support.PersistenceAnnotationBeanPostProcessor$$Lambda$622/0x00000001004e5220::<init> (20 bytes)
Event: 6.857 Thread 0x0000024d1a40a930 nmethod 6348 0x0000024d11049390 code [0x0000024d11049520, 0x0000024d11049678]
Event: 6.857 Thread 0x0000024d1a33aa50 nmethod 6349 0x0000024d11049710 code [0x0000024d110498a0, 0x0000024d11049a78]
Event: 6.857 Thread 0x0000024d1a40a930 6350       1       org.springframework.context.annotation.CommonAnnotationBeanPostProcessor$$Lambda$624/0x00000001004e5660::<init> (15 bytes)
Event: 6.857 Thread 0x0000024d1a33aa50 6351       1       org.springframework.context.annotation.CommonAnnotationBeanPostProcessor$$Lambda$625/0x00000001004e5880::<init> (20 bytes)
Event: 6.858 Thread 0x0000024d1a40a930 nmethod 6350 0x0000024d11049b10 code [0x0000024d11049ca0, 0x0000024d11049df8]
Event: 6.858 Thread 0x0000024d1a40a930 6354   !   1       org.springframework.beans.factory.annotation.AutowiredAnnotationBeanPostProcessor::sortMethodElements (240 bytes)
Event: 6.858 Thread 0x0000024d1a33aa50 nmethod 6351 0x0000024d11049e90 code [0x0000024d1104a020, 0x0000024d1104a1f8]
Event: 6.858 Thread 0x0000024d1a33aa50 6352       1       org.springframework.beans.factory.annotation.AutowiredAnnotationBeanPostProcessor$$Lambda$626/0x00000001004e5aa0::<init> (15 bytes)
Event: 6.858 Thread 0x0000024d1a33aa50 nmethod 6352 0x0000024d1104a290 code [0x0000024d1104a420, 0x0000024d1104a578]
Event: 6.858 Thread 0x0000024d1a33aa50 6353       1       org.springframework.beans.factory.annotation.AutowiredAnnotationBeanPostProcessor$$Lambda$627/0x00000001004e5cc0::<init> (20 bytes)
Event: 6.858 Thread 0x0000024d1f556a60 nmethod 6347 0x0000024d1104a610 code [0x0000024d1104a8e0, 0x0000024d1104b0b8]
Event: 6.858 Thread 0x0000024d1a33aa50 nmethod 6353 0x0000024d1104b490 code [0x0000024d1104b620, 0x0000024d1104b7f8]
Event: 6.858 Thread 0x0000024d1a40a930 nmethod 6354 0x0000024d1104b890 code [0x0000024d1104bba0, 0x0000024d1104c558]

GC Heap History (20 events):
Event: 3.333 GC heap after
{Heap after GC invocations=12 (full 0):
 garbage-first heap   total 65536K, used 21228K [0x0000000081e00000, 0x0000000100000000)
  region size 1024K, 5 young (5120K), 5 survivors (5120K)
 Metaspace       used 41775K, committed 42304K, reserved 1114112K
  class space    used 5348K, committed 5632K, reserved 1048576K
}
Event: 3.813 GC heap before
{Heap before GC invocations=12 (full 0):
 garbage-first heap   total 65536K, used 48876K [0x0000000081e00000, 0x0000000100000000)
  region size 1024K, 32 young (32768K), 5 survivors (5120K)
 Metaspace       used 46764K, committed 47296K, reserved 1114112K
  class space    used 6086K, committed 6336K, reserved 1048576K
}
Event: 3.820 GC heap after
{Heap after GC invocations=13 (full 0):
 garbage-first heap   total 65536K, used 22811K [0x0000000081e00000, 0x0000000100000000)
  region size 1024K, 2 young (2048K), 2 survivors (2048K)
 Metaspace       used 46764K, committed 47296K, reserved 1114112K
  class space    used 6086K, committed 6336K, reserved 1048576K
}
Event: 4.344 GC heap before
{Heap before GC invocations=13 (full 0):
 garbage-first heap   total 65536K, used 49435K [0x0000000081e00000, 0x0000000100000000)
  region size 1024K, 29 young (29696K), 2 survivors (2048K)
 Metaspace       used 52835K, committed 53376K, reserved 1114112K
  class space    used 6985K, committed 7232K, reserved 1048576K
}
Event: 4.351 GC heap after
{Heap after GC invocations=14 (full 0):
 garbage-first heap   total 65536K, used 24670K [0x0000000081e00000, 0x0000000100000000)
  region size 1024K, 4 young (4096K), 4 survivors (4096K)
 Metaspace       used 52835K, committed 53376K, reserved 1114112K
  class space    used 6985K, committed 7232K, reserved 1048576K
}
Event: 4.845 GC heap before
{Heap before GC invocations=14 (full 0):
 garbage-first heap   total 65536K, used 50270K [0x0000000081e00000, 0x0000000100000000)
  region size 1024K, 29 young (29696K), 4 survivors (4096K)
 Metaspace       used 57628K, committed 58112K, reserved 1114112K
  class space    used 7620K, committed 7872K, reserved 1048576K
}
Event: 4.850 GC heap after
{Heap after GC invocations=15 (full 0):
 garbage-first heap   total 78848K, used 26137K [0x0000000081e00000, 0x0000000100000000)
  region size 1024K, 4 young (4096K), 4 survivors (4096K)
 Metaspace       used 57628K, committed 58112K, reserved 1114112K
  class space    used 7620K, committed 7872K, reserved 1048576K
}
Event: 5.008 GC heap before
{Heap before GC invocations=15 (full 0):
 garbage-first heap   total 78848K, used 33305K [0x0000000081e00000, 0x0000000100000000)
  region size 1024K, 13 young (13312K), 4 survivors (4096K)
 Metaspace       used 60288K, committed 60736K, reserved 1114112K
  class space    used 8091K, committed 8320K, reserved 1048576K
}
Event: 5.013 GC heap after
{Heap after GC invocations=16 (full 0):
 garbage-first heap   total 78848K, used 26619K [0x0000000081e00000, 0x0000000100000000)
  region size 1024K, 2 young (2048K), 2 survivors (2048K)
 Metaspace       used 60288K, committed 60736K, reserved 1114112K
  class space    used 8091K, committed 8320K, reserved 1048576K
}
Event: 5.735 GC heap before
{Heap before GC invocations=17 (full 0):
 garbage-first heap   total 78848K, used 62459K [0x0000000081e00000, 0x0000000100000000)
  region size 1024K, 37 young (37888K), 2 survivors (2048K)
 Metaspace       used 67196K, committed 67712K, reserved 1114112K
  class space    used 9211K, committed 9472K, reserved 1048576K
}
Event: 5.741 GC heap after
{Heap after GC invocations=18 (full 0):
 garbage-first heap   total 78848K, used 27900K [0x0000000081e00000, 0x0000000100000000)
  region size 1024K, 4 young (4096K), 4 survivors (4096K)
 Metaspace       used 67196K, committed 67712K, reserved 1114112K
  class space    used 9211K, committed 9472K, reserved 1048576K
}
Event: 5.745 GC heap before
{Heap before GC invocations=18 (full 0):
 garbage-first heap   total 78848K, used 28924K [0x0000000081e00000, 0x0000000100000000)
  region size 1024K, 5 young (5120K), 4 survivors (4096K)
 Metaspace       used 67196K, committed 67712K, reserved 1114112K
  class space    used 9211K, committed 9472K, reserved 1048576K
}
Event: 5.749 GC heap after
{Heap after GC invocations=19 (full 0):
 garbage-first heap   total 78848K, used 28326K [0x0000000081e00000, 0x0000000100000000)
  region size 1024K, 1 young (1024K), 1 survivors (1024K)
 Metaspace       used 67196K, committed 67712K, reserved 1114112K
  class space    used 9211K, committed 9472K, reserved 1048576K
}
Event: 6.247 GC heap before
{Heap before GC invocations=19 (full 0):
 garbage-first heap   total 78848K, used 63142K [0x0000000081e00000, 0x0000000100000000)
  region size 1024K, 35 young (35840K), 1 survivors (1024K)
 Metaspace       used 72825K, committed 73472K, reserved 1114112K
  class space    used 10104K, committed 10432K, reserved 1048576K
}
Event: 6.252 GC heap after
{Heap after GC invocations=20 (full 0):
 garbage-first heap   total 78848K, used 30847K [0x0000000081e00000, 0x0000000100000000)
  region size 1024K, 4 young (4096K), 4 survivors (4096K)
 Metaspace       used 72825K, committed 73472K, reserved 1114112K
  class space    used 10104K, committed 10432K, reserved 1048576K
}
Event: 6.465 GC heap before
{Heap before GC invocations=21 (full 0):
 garbage-first heap   total 78848K, used 61567K [0x0000000081e00000, 0x0000000100000000)
  region size 1024K, 35 young (35840K), 4 survivors (4096K)
 Metaspace       used 75559K, committed 76160K, reserved 1179648K
  class space    used 10640K, committed 10944K, reserved 1048576K
}
Event: 6.471 GC heap after
{Heap after GC invocations=22 (full 0):
 garbage-first heap   total 78848K, used 32533K [0x0000000081e00000, 0x0000000100000000)
  region size 1024K, 2 young (2048K), 2 survivors (2048K)
 Metaspace       used 75559K, committed 76160K, reserved 1179648K
  class space    used 10640K, committed 10944K, reserved 1048576K
}
Event: 6.474 GC heap before
{Heap before GC invocations=22 (full 0):
 garbage-first heap   total 78848K, used 33557K [0x0000000081e00000, 0x0000000100000000)
  region size 1024K, 3 young (3072K), 2 survivors (2048K)
 Metaspace       used 75559K, committed 76160K, reserved 1179648K
  class space    used 10640K, committed 10944K, reserved 1048576K
}
Event: 6.478 GC heap after
{Heap after GC invocations=23 (full 0):
 garbage-first heap   total 78848K, used 32763K [0x0000000081e00000, 0x0000000100000000)
  region size 1024K, 1 young (1024K), 1 survivors (1024K)
 Metaspace       used 75559K, committed 76160K, reserved 1179648K
  class space    used 10640K, committed 10944K, reserved 1048576K
}
Event: 6.860 GC heap before
{Heap before GC invocations=23 (full 0):
 garbage-first heap   total 78848K, used 62459K [0x0000000081e00000, 0x0000000100000000)
  region size 1024K, 30 young (30720K), 1 survivors (1024K)
 Metaspace       used 78142K, committed 78784K, reserved 1179648K
  class space    used 11008K, committed 11328K, reserved 1048576K
}

Dll operation events (9 events):
Event: 0.014 Loaded shared library C:\Users\HP\Downloads\sts-4.20.0.RELEASE\plugins\org.eclipse.justj.openjdk.hotspot.jre.full.win32.x86_64_17.0.8.v20230831-1047\jre\bin\java.dll
Event: 0.256 Loaded shared library C:\Users\HP\Downloads\sts-4.20.0.RELEASE\plugins\org.eclipse.justj.openjdk.hotspot.jre.full.win32.x86_64_17.0.8.v20230831-1047\jre\bin\jimage.dll
Event: 0.274 Loaded shared library C:\Users\HP\Downloads\sts-4.20.0.RELEASE\plugins\org.eclipse.justj.openjdk.hotspot.jre.full.win32.x86_64_17.0.8.v20230831-1047\jre\bin\net.dll
Event: 0.277 Loaded shared library C:\Users\HP\Downloads\sts-4.20.0.RELEASE\plugins\org.eclipse.justj.openjdk.hotspot.jre.full.win32.x86_64_17.0.8.v20230831-1047\jre\bin\nio.dll
Event: 0.282 Loaded shared library C:\Users\HP\Downloads\sts-4.20.0.RELEASE\plugins\org.eclipse.justj.openjdk.hotspot.jre.full.win32.x86_64_17.0.8.v20230831-1047\jre\bin\zip.dll
Event: 0.367 Loaded shared library C:\Users\HP\Downloads\sts-4.20.0.RELEASE\plugins\org.eclipse.justj.openjdk.hotspot.jre.full.win32.x86_64_17.0.8.v20230831-1047\jre\bin\management.dll
Event: 0.383 Loaded shared library C:\Users\HP\Downloads\sts-4.20.0.RELEASE\plugins\org.eclipse.justj.openjdk.hotspot.jre.full.win32.x86_64_17.0.8.v20230831-1047\jre\bin\management_ext.dll
Event: 2.002 Loaded shared library C:\Users\HP\Downloads\sts-4.20.0.RELEASE\plugins\org.eclipse.justj.openjdk.hotspot.jre.full.win32.x86_64_17.0.8.v20230831-1047\jre\bin\sunmscapi.dll
Event: 3.789 Loaded shared library C:\Users\HP\Downloads\sts-4.20.0.RELEASE\plugins\org.eclipse.justj.openjdk.hotspot.jre.full.win32.x86_64_17.0.8.v20230831-1047\jre\bin\verify.dll

Deoptimization events (10 events):
Event: 1.476 Thread 0x0000024d1f96e880 DEOPT PACKING pc=0x0000024d109b0719 sp=0x00000061ce1fc5c0
Event: 1.476 Thread 0x0000024d1f96e880 DEOPT UNPACKING pc=0x0000024d104d7143 sp=0x00000061ce1fbaa0 mode 3
Event: 1.648 Thread 0x0000024d1f96e880 DEOPT PACKING pc=0x0000024d10a035d5 sp=0x00000061ce1fcae0
Event: 1.648 Thread 0x0000024d1f96e880 DEOPT UNPACKING pc=0x0000024d104d7143 sp=0x00000061ce1fbf88 mode 3
Event: 3.206 Thread 0x0000024d1f96e880 DEOPT PACKING pc=0x0000024d10cb1ffd sp=0x00000061ce1fc550
Event: 3.206 Thread 0x0000024d1f96e880 DEOPT UNPACKING pc=0x0000024d104d7143 sp=0x00000061ce1fbab8 mode 3
Event: 5.863 Thread 0x0000024d1f96e880 DEOPT PACKING pc=0x0000024d109bcf94 sp=0x00000061ce1fa460
Event: 5.863 Thread 0x0000024d1f96e880 DEOPT UNPACKING pc=0x0000024d104d7143 sp=0x00000061ce1f99b8 mode 0
Event: 5.991 Thread 0x0000024d1f96e880 DEOPT PACKING pc=0x0000024d10a11442 sp=0x00000061ce1fbf10
Event: 5.991 Thread 0x0000024d1f96e880 DEOPT UNPACKING pc=0x0000024d104d7143 sp=0x00000061ce1fb418 mode 3

Classes unloaded (0 events):
No events

Classes redefined (0 events):
No events

Internal exceptions (20 events):
Event: 5.933 Thread 0x0000024d1f96e880 Exception <a 'java/lang/NoSuchMethodError'{0x0000000085d3d4e8}: 'int java.lang.invoke.DirectMethodHandle$Holder.invokeStatic(java.lang.Object, java.lang.Object, int)'> (0x0000000085d3d4e8) 
thrown [s\src\hotspot\share\interpreter\linkResolver.cpp, line 759]
Event: 5.939 Thread 0x0000024d1f96e880 Exception <a 'java/lang/IncompatibleClassChangeError'{0x0000000085d81cb0}: Found class java.lang.Object, but interface was expected> (0x0000000085d81cb0) 
thrown [s\src\hotspot\share\interpreter\linkResolver.cpp, line 826]
Event: 5.978 Thread 0x0000024d1f96e880 Exception <a 'java/lang/reflect/InvocationTargetException'{0x0000000085b6e3f8}> (0x0000000085b6e3f8) 
thrown [s\src\hotspot\share\runtime\reflection.cpp, line 1121]
Event: 5.981 Thread 0x0000024d1f96e880 Exception <a 'java/lang/reflect/InvocationTargetException'{0x0000000085b86ac0}> (0x0000000085b86ac0) 
thrown [s\src\hotspot\share\runtime\reflection.cpp, line 1121]
Event: 6.019 Thread 0x0000024d1f96e880 Exception <a 'java/lang/NoSuchMethodError'{0x00000000859edda0}: 'long java.lang.invoke.DirectMethodHandle$Holder.invokeVirtual(java.lang.Object, java.lang.Object)'> (0x00000000859edda0) 
thrown [s\src\hotspot\share\interpreter\linkResolver.cpp, line 759]
Event: 6.023 Thread 0x0000024d1f96e880 Exception <a 'java/io/FileNotFoundException'{0x000000008581da40}> (0x000000008581da40) 
thrown [s\src\hotspot\share\prims\jni.cpp, line 516]
Event: 6.269 Thread 0x0000024d1f96e880 Exception <a 'java/lang/reflect/InvocationTargetException'{0x000000008698a4d8}> (0x000000008698a4d8) 
thrown [s\src\hotspot\share\runtime\reflection.cpp, line 1121]
Event: 6.394 Thread 0x0000024d1f9e9f90 Exception <a 'java/lang/reflect/InvocationTargetException'{0x0000000085800f40}> (0x0000000085800f40) 
thrown [s\src\hotspot\share\runtime\reflection.cpp, line 1121]
Event: 6.440 Thread 0x0000024d1f96e880 Exception <a 'java/lang/reflect/InvocationTargetException'{0x00000000854fffa0}> (0x00000000854fffa0) 
thrown [s\src\hotspot\share\runtime\reflection.cpp, line 1121]
Event: 6.462 Thread 0x0000024d1f96e880 Exception <a 'java/lang/reflect/InvocationTargetException'{0x0000000084c6f990}> (0x0000000084c6f990) 
thrown [s\src\hotspot\share\runtime\reflection.cpp, line 1121]
Event: 6.481 Thread 0x0000024d1f96e880 Exception <a 'java/lang/reflect/InvocationTargetException'{0x0000000089d7c318}> (0x0000000089d7c318) 
thrown [s\src\hotspot\share\runtime\reflection.cpp, line 1121]
Event: 6.485 Thread 0x0000024d1f96e880 Exception <a 'java/lang/reflect/InvocationTargetException'{0x0000000089dbeeb8}> (0x0000000089dbeeb8) 
thrown [s\src\hotspot\share\runtime\reflection.cpp, line 1121]
Event: 6.490 Thread 0x0000024d1f96e880 Exception <a 'java/lang/reflect/InvocationTargetException'{0x000000008687a4d0}> (0x000000008687a4d0) 
thrown [s\src\hotspot\share\runtime\reflection.cpp, line 1121]
Event: 6.494 Thread 0x0000024d1f96e880 Exception <a 'java/lang/reflect/InvocationTargetException'{0x00000000868d9300}> (0x00000000868d9300) 
thrown [s\src\hotspot\share\runtime\reflection.cpp, line 1121]
Event: 6.498 Thread 0x0000024d1f96e880 Exception <a 'java/lang/reflect/InvocationTargetException'{0x0000000086719478}> (0x0000000086719478) 
thrown [s\src\hotspot\share\runtime\reflection.cpp, line 1121]
Event: 6.499 Thread 0x0000024d1f96e880 Exception <a 'java/lang/reflect/InvocationTargetException'{0x0000000086734de8}> (0x0000000086734de8) 
thrown [s\src\hotspot\share\runtime\reflection.cpp, line 1121]
Event: 6.502 Thread 0x0000024d1f96e880 Exception <a 'java/lang/reflect/InvocationTargetException'{0x00000000867507a0}> (0x00000000867507a0) 
thrown [s\src\hotspot\share\runtime\reflection.cpp, line 1121]
Event: 6.504 Thread 0x0000024d1f96e880 Exception <a 'java/lang/reflect/InvocationTargetException'{0x000000008676e620}> (0x000000008676e620) 
thrown [s\src\hotspot\share\runtime\reflection.cpp, line 1121]
Event: 6.506 Thread 0x0000024d1f96e880 Exception <a 'java/lang/reflect/InvocationTargetException'{0x0000000086791570}> (0x0000000086791570) 
thrown [s\src\hotspot\share\runtime\reflection.cpp, line 1121]
Event: 6.509 Thread 0x0000024d1f96e880 Exception <a 'java/lang/reflect/InvocationTargetException'{0x00000000867d7ad8}> (0x00000000867d7ad8) 
thrown [s\src\hotspot\share\runtime\reflection.cpp, line 1121]

VM Operations (20 events):
Event: 6.236 Executing VM operation: ICBufferFull done
Event: 6.242 Executing VM operation: HandshakeAllThreads
Event: 6.242 Executing VM operation: HandshakeAllThreads done
Event: 6.247 Executing VM operation: G1CollectForAllocation
Event: 6.252 Executing VM operation: G1CollectForAllocation done
Event: 6.299 Executing VM operation: G1PauseRemark
Event: 6.302 Executing VM operation: G1PauseRemark done
Event: 6.321 Executing VM operation: G1PauseCleanup
Event: 6.321 Executing VM operation: G1PauseCleanup done
Event: 6.409 Executing VM operation: HandshakeAllThreads
Event: 6.409 Executing VM operation: HandshakeAllThreads done
Event: 6.464 Executing VM operation: G1CollectForAllocation
Event: 6.471 Executing VM operation: G1CollectForAllocation done
Event: 6.474 Executing VM operation: G1CollectForAllocation
Event: 6.478 Executing VM operation: G1CollectForAllocation done
Event: 6.728 Executing VM operation: HandshakeAllThreads
Event: 6.728 Executing VM operation: HandshakeAllThreads done
Event: 6.851 Executing VM operation: HandshakeAllThreads
Event: 6.851 Executing VM operation: HandshakeAllThreads done
Event: 6.860 Executing VM operation: G1CollectForAllocation

Events (20 events):
Event: 6.138 loading class java/util/EmptyStackException
Event: 6.138 loading class java/util/EmptyStackException done
Event: 6.143 loading class java/io/InvalidClassException
Event: 6.143 loading class java/io/InvalidClassException done
Event: 6.152 loading class java/util/ArrayList$ListItr
Event: 6.152 loading class java/util/ArrayList$ListItr done
Event: 6.495 loading class java/lang/invoke/MethodHandleImpl$CountingWrapper$1
Event: 6.495 loading class java/lang/invoke/MethodHandleImpl$CountingWrapper$1 done
Event: 6.555 loading class jdk/internal/reflect/UnsafeDoubleFieldAccessorImpl
Event: 6.556 loading class jdk/internal/reflect/UnsafeDoubleFieldAccessorImpl done
Event: 6.556 loading class sun/reflect/annotation/AnnotationInvocationHandler$1
Event: 6.556 loading class sun/reflect/annotation/AnnotationInvocationHandler$1 done
Event: 6.556 loading class jdk/internal/reflect/UnsafeIntegerFieldAccessorImpl
Event: 6.557 loading class jdk/internal/reflect/UnsafeIntegerFieldAccessorImpl done
Event: 6.580 loading class java/time/DurationEditor
Event: 6.580 loading class java/time/DurationEditor done
Event: 6.622 loading class java/util/Collections$SynchronizedRandomAccessList
Event: 6.622 loading class java/util/Collections$SynchronizedList
Event: 6.622 loading class java/util/Collections$SynchronizedList done
Event: 6.622 loading class java/util/Collections$SynchronizedRandomAccessList done


Dynamic libraries:
0x00007ff627df0000 - 0x00007ff627dfe000 	C:\Users\HP\Downloads\sts-4.20.0.RELEASE\plugins\org.eclipse.justj.openjdk.hotspot.jre.full.win32.x86_64_17.0.8.v20230831-1047\jre\bin\javaw.exe
0x00007ffb7cb50000 - 0x00007ffb7cd67000 	C:\Windows\SYSTEM32\ntdll.dll
0x00007ffb7bca0000 - 0x00007ffb7bd64000 	C:\Windows\System32\KERNEL32.DLL
0x00007ffb79e90000 - 0x00007ffb7a247000 	C:\Windows\System32\KERNELBASE.dll
0x00007ffb7a760000 - 0x00007ffb7a871000 	C:\Windows\System32\ucrtbase.dll
0x00007ffb721b0000 - 0x00007ffb721c7000 	C:\Users\HP\Downloads\sts-4.20.0.RELEASE\plugins\org.eclipse.justj.openjdk.hotspot.jre.full.win32.x86_64_17.0.8.v20230831-1047\jre\bin\jli.dll
0x00007ffb7b580000 - 0x00007ffb7b72f000 	C:\Windows\System32\USER32.dll
0x00007ffb79e60000 - 0x00007ffb79e86000 	C:\Windows\System32\win32u.dll
0x00007ffb7c100000 - 0x00007ffb7c129000 	C:\Windows\System32\GDI32.dll
0x00007ffb7a640000 - 0x00007ffb7a758000 	C:\Windows\System32\gdi32full.dll
0x00007ffb7a340000 - 0x00007ffb7a3da000 	C:\Windows\System32\msvcp_win.dll
0x00007ffb5fa50000 - 0x00007ffb5fa69000 	C:\Users\HP\Downloads\sts-4.20.0.RELEASE\plugins\org.eclipse.justj.openjdk.hotspot.jre.full.win32.x86_64_17.0.8.v20230831-1047\jre\bin\VCRUNTIME140.dll
0x00007ffb63390000 - 0x00007ffb63623000 	C:\Windows\WinSxS\amd64_microsoft.windows.common-controls_6595b64144ccf1df_6.0.22621.3672_none_2713b9d173822955\COMCTL32.dll
0x00007ffb7c190000 - 0x00007ffb7c237000 	C:\Windows\System32\msvcrt.dll
0x00007ffb7c150000 - 0x00007ffb7c181000 	C:\Windows\System32\IMM32.DLL
0x00007ffb67220000 - 0x00007ffb6722c000 	C:\Users\HP\Downloads\sts-4.20.0.RELEASE\plugins\org.eclipse.justj.openjdk.hotspot.jre.full.win32.x86_64_17.0.8.v20230831-1047\jre\bin\vcruntime140_1.dll
0x00007ffb5a330000 - 0x00007ffb5a3c1000 	C:\Users\HP\Downloads\sts-4.20.0.RELEASE\plugins\org.eclipse.justj.openjdk.hotspot.jre.full.win32.x86_64_17.0.8.v20230831-1047\jre\bin\msvcp140.dll
0x00007ffafeb80000 - 0x00007ffaff7cc000 	C:\Users\HP\Downloads\sts-4.20.0.RELEASE\plugins\org.eclipse.justj.openjdk.hotspot.jre.full.win32.x86_64_17.0.8.v20230831-1047\jre\bin\server\jvm.dll
0x00007ffb7c2f0000 - 0x00007ffb7c3a2000 	C:\Windows\System32\ADVAPI32.dll
0x00007ffb7c240000 - 0x00007ffb7c2e8000 	C:\Windows\System32\sechost.dll
0x00007ffb7a310000 - 0x00007ffb7a338000 	C:\Windows\System32\bcrypt.dll
0x00007ffb7bb80000 - 0x00007ffb7bc94000 	C:\Windows\System32\RPCRT4.dll
0x00007ffb79d30000 - 0x00007ffb79d7d000 	C:\Windows\SYSTEM32\POWRPROF.dll
0x00007ffb5db80000 - 0x00007ffb5db89000 	C:\Windows\SYSTEM32\WSOCK32.dll
0x00007ffb7bb00000 - 0x00007ffb7bb71000 	C:\Windows\System32\WS2_32.dll
0x00007ffb73b60000 - 0x00007ffb73b94000 	C:\Windows\SYSTEM32\WINMM.dll
0x00007ffb73580000 - 0x00007ffb7358a000 	C:\Windows\SYSTEM32\VERSION.dll
0x00007ffb79c60000 - 0x00007ffb79c73000 	C:\Windows\SYSTEM32\UMPDC.dll
0x00007ffb78e70000 - 0x00007ffb78e88000 	C:\Windows\SYSTEM32\kernel.appcore.dll
0x00007ffb73de0000 - 0x00007ffb73dea000 	C:\Users\HP\Downloads\sts-4.20.0.RELEASE\plugins\org.eclipse.justj.openjdk.hotspot.jre.full.win32.x86_64_17.0.8.v20230831-1047\jre\bin\jimage.dll
0x00007ffb774b0000 - 0x00007ffb776e2000 	C:\Windows\SYSTEM32\DBGHELP.DLL
0x00007ffb7bd70000 - 0x00007ffb7c0fe000 	C:\Windows\System32\combase.dll
0x00007ffb7c3b0000 - 0x00007ffb7c487000 	C:\Windows\System32\OLEAUT32.dll
0x00007ffb59a00000 - 0x00007ffb59a32000 	C:\Windows\SYSTEM32\dbgcore.DLL
0x00007ffb7a5c0000 - 0x00007ffb7a63b000 	C:\Windows\System32\bcryptPrimitives.dll
0x00007ffb5fb10000 - 0x00007ffb5fb35000 	C:\Users\HP\Downloads\sts-4.20.0.RELEASE\plugins\org.eclipse.justj.openjdk.hotspot.jre.full.win32.x86_64_17.0.8.v20230831-1047\jre\bin\java.dll
0x00007ffb672c0000 - 0x00007ffb672d8000 	C:\Users\HP\Downloads\sts-4.20.0.RELEASE\plugins\org.eclipse.justj.openjdk.hotspot.jre.full.win32.x86_64_17.0.8.v20230831-1047\jre\bin\zip.dll
0x00007ffb7a880000 - 0x00007ffb7b0e9000 	C:\Windows\System32\SHELL32.dll
0x00007ffb77d80000 - 0x00007ffb7867f000 	C:\Windows\SYSTEM32\windows.storage.dll
0x00007ffb77c40000 - 0x00007ffb77d7f000 	C:\Windows\SYSTEM32\wintypes.dll
0x00007ffb7ca00000 - 0x00007ffb7caf9000 	C:\Windows\System32\SHCORE.dll
0x00007ffb7b8b0000 - 0x00007ffb7b90e000 	C:\Windows\System32\shlwapi.dll
0x00007ffb79d90000 - 0x00007ffb79db7000 	C:\Windows\SYSTEM32\profapi.dll
0x00007ffb62cf0000 - 0x00007ffb62d09000 	C:\Users\HP\Downloads\sts-4.20.0.RELEASE\plugins\org.eclipse.justj.openjdk.hotspot.jre.full.win32.x86_64_17.0.8.v20230831-1047\jre\bin\net.dll
0x00007ffb733f0000 - 0x00007ffb73526000 	C:\Windows\SYSTEM32\WINHTTP.dll
0x00007ffb792d0000 - 0x00007ffb79339000 	C:\Windows\system32\mswsock.dll
0x00007ffb5faf0000 - 0x00007ffb5fb05000 	C:\Users\HP\Downloads\sts-4.20.0.RELEASE\plugins\org.eclipse.justj.openjdk.hotspot.jre.full.win32.x86_64_17.0.8.v20230831-1047\jre\bin\nio.dll
0x00007ffb61360000 - 0x00007ffb61369000 	C:\Users\HP\Downloads\sts-4.20.0.RELEASE\plugins\org.eclipse.justj.openjdk.hotspot.jre.full.win32.x86_64_17.0.8.v20230831-1047\jre\bin\management.dll
0x00007ffb612d0000 - 0x00007ffb612db000 	C:\Users\HP\Downloads\sts-4.20.0.RELEASE\plugins\org.eclipse.justj.openjdk.hotspot.jre.full.win32.x86_64_17.0.8.v20230831-1047\jre\bin\management_ext.dll
0x00007ffb7cb00000 - 0x00007ffb7cb08000 	C:\Windows\System32\PSAPI.DLL
0x00007ffb4a9e0000 - 0x00007ffb4a9f7000 	C:\Windows\system32\napinsp.dll
0x00007ffb4a9c0000 - 0x00007ffb4a9db000 	C:\Windows\system32\pnrpnsp.dll
0x00007ffb789a0000 - 0x00007ffb78aa2000 	C:\Windows\SYSTEM32\DNSAPI.dll
0x00007ffb78920000 - 0x00007ffb7894d000 	C:\Windows\SYSTEM32\IPHLPAPI.DLL
0x00007ffb7b360000 - 0x00007ffb7b369000 	C:\Windows\System32\NSI.dll
0x00007ffb4a9a0000 - 0x00007ffb4a9b1000 	C:\Windows\System32\winrnr.dll
0x00007ffb4a980000 - 0x00007ffb4a995000 	C:\Windows\system32\wshbth.dll
0x00007ffb4a950000 - 0x00007ffb4a977000 	C:\Windows\system32\nlansp_c.dll
0x00007ffb64ad0000 - 0x00007ffb64ada000 	C:\Windows\System32\rasadhlp.dll
0x00007ffb6f830000 - 0x00007ffb6f8b3000 	C:\Windows\System32\fwpuclnt.dll
0x00007ffb79620000 - 0x00007ffb7963b000 	C:\Windows\SYSTEM32\CRYPTSP.dll
0x00007ffb78dd0000 - 0x00007ffb78e05000 	C:\Windows\system32\rsaenh.dll
0x00007ffb79370000 - 0x00007ffb79398000 	C:\Windows\SYSTEM32\USERENV.dll
0x00007ffb79600000 - 0x00007ffb7960c000 	C:\Windows\SYSTEM32\CRYPTBASE.dll
0x00007ffb73590000 - 0x00007ffb735a9000 	C:\Windows\SYSTEM32\dhcpcsvc6.DLL
0x00007ffb733d0000 - 0x00007ffb733ef000 	C:\Windows\SYSTEM32\dhcpcsvc.DLL
0x00007ffb721a0000 - 0x00007ffb721ae000 	C:\Users\HP\Downloads\sts-4.20.0.RELEASE\plugins\org.eclipse.justj.openjdk.hotspot.jre.full.win32.x86_64_17.0.8.v20230831-1047\jre\bin\sunmscapi.dll
0x00007ffb7a3e0000 - 0x00007ffb7a546000 	C:\Windows\System32\CRYPT32.dll
0x00007ffb79730000 - 0x00007ffb7975d000 	C:\Windows\SYSTEM32\ncrypt.dll
0x00007ffb796f0000 - 0x00007ffb79727000 	C:\Windows\SYSTEM32\NTASN1.dll
0x00007ffb73d90000 - 0x00007ffb73da0000 	C:\Users\HP\Downloads\sts-4.20.0.RELEASE\plugins\org.eclipse.justj.openjdk.hotspot.jre.full.win32.x86_64_17.0.8.v20230831-1047\jre\bin\verify.dll

dbghelp: loaded successfully - version: 4.0.5 - missing functions: none
symbol engine: initialized successfully - sym options: 0x614 - pdb path: .;C:\Users\HP\Downloads\sts-4.20.0.RELEASE\plugins\org.eclipse.justj.openjdk.hotspot.jre.full.win32.x86_64_17.0.8.v20230831-1047\jre\bin;C:\Windows\SYSTEM32;C:\Windows\WinSxS\amd64_microsoft.windows.common-controls_6595b64144ccf1df_6.0.22621.3672_none_2713b9d173822955;C:\Users\HP\Downloads\sts-4.20.0.RELEASE\plugins\org.eclipse.justj.openjdk.hotspot.jre.full.win32.x86_64_17.0.8.v20230831-1047\jre\bin\server

VM Arguments:
jvm_args: -Dcom.sun.management.jmxremote -Dcom.sun.management.jmxremote.port=53261 -Dcom.sun.management.jmxremote.authenticate=false -Dcom.sun.management.jmxremote.ssl=false -Djava.rmi.server.hostname=localhost -Dspring.jmx.enabled=true -Dmanagement.endpoints.jmx.exposure.include=* -Dspring.application.admin.enabled=true -XX:TieredStopAtLevel=1 -Dspring.boot.project.name=Renting_car -Dfile.encoding=UTF-8 -Dstdout.encoding=UTF-8 -Dstderr.encoding=UTF-8 -XX:+ShowCodeDetailsInExceptionMessages 
java_command: Car.project.RentingCarAppApplication --spring.output.ansi.enabled=always
java_class_path (initial): C:\Users\HP\Documents\workspace-spring-tool-suite-4-4.20.0.RELEASE\Renting_car\target\classes;C:\Users\HP\.m2\repository\org\springframework\boot\spring-boot-starter-data-jpa\3.3.5\spring-boot-starter-data-jpa-3.3.5.jar;C:\Users\HP\.m2\repository\org\springframework\boot\spring-boot-starter-aop\3.3.5\spring-boot-starter-aop-3.3.5.jar;C:\Users\HP\.m2\repository\org\aspectj\aspectjweaver\1.9.22.1\aspectjweaver-1.9.22.1.jar;C:\Users\HP\.m2\repository\org\springframework\boot\spring-boot-starter-jdbc\3.3.5\spring-boot-starter-jdbc-3.3.5.jar;C:\Users\HP\.m2\repository\com\zaxxer\HikariCP\5.1.0\HikariCP-5.1.0.jar;C:\Users\HP\.m2\repository\org\springframework\spring-jdbc\6.1.14\spring-jdbc-6.1.14.jar;C:\Users\HP\.m2\repository\org\hibernate\orm\hibernate-core\6.5.3.Final\hibernate-core-6.5.3.Final.jar;C:\Users\HP\.m2\repository\jakarta\transaction\jakarta.transaction-api\2.0.1\jakarta.transaction-api-2.0.1.jar;C:\Users\HP\.m2\repository\org\jboss\logging\jboss-logging\3.5.3.Final\jboss-logging-3.5.3.Final.jar;C:\Users\HP\.m2\repository\org\hibernate\common\hibernate-commons-annotations\6.0.6.Final\hibernate-commons-annotations-6.0.6.Final.jar;C:\Users\HP\.m2\repository\io\smallrye\jandex\3.1.2\jandex-3.1.2.jar;C:\Users\HP\.m2\repository\com\fasterxml\classmate\1.7.0\classmate-1.7.0.jar;C:\Users\HP\.m2\repository\net\bytebuddy\byte-buddy\1.14.19\byte-buddy-1.14.19.jar;C:\Users\HP\.m2\repository\org\glassfish\jaxb\jaxb-runtime\4.0.5\jaxb-runtime-4.0.5.jar;C:\Users\HP\.m2\repository\org\glassfish\jaxb\jaxb-core\4.0.5\jaxb-core-4.0.5.jar;C:\Users\HP\.m2\repository\org\eclipse\angus\angus-activation\2.0.2\angus-activation-2.0.2.jar;C:\Users\HP\.m2\repository\org\glassfish\jaxb\txw2\4.0.5\txw2-4.0.5.jar;C:\Users\HP\.m2\repository\com\sun\istack\istack-commons-runtime\4.1.2\istack-commons-runtime-4.1.2.jar;C:\Users\HP\.m2\repository\jakarta\inject\jakarta.inject-api\2.0.1\jakarta.inject-api-2.0.1.jar;C:\Users\HP\.m2\repository\org\antlr\antlr4-runtim
Launcher Type: SUN_STANDARD

[Global flags]
     intx CICompilerCount                          = 3                                         {product} {ergonomic}
     uint ConcGCThreads                            = 1                                         {product} {ergonomic}
     uint G1ConcRefinementThreads                  = 4                                         {product} {ergonomic}
   size_t G1HeapRegionSize                         = 1048576                                   {product} {ergonomic}
    uintx GCDrainStackTargetSize                   = 64                                        {product} {ergonomic}
   size_t InitialHeapSize                          = 134217728                                 {product} {ergonomic}
     bool ManagementServer                         = true                                      {product} {command line}
   size_t MarkStackSize                            = 4194304                                   {product} {ergonomic}
   size_t MaxHeapSize                              = 2116026368                                {product} {ergonomic}
   size_t MaxNewSize                               = 1268776960                                {product} {ergonomic}
   size_t MinHeapDeltaBytes                        = 1048576                                   {product} {ergonomic}
   size_t MinHeapSize                              = 8388608                                   {product} {ergonomic}
    uintx NonProfiledCodeHeapSize                  = 0                                      {pd product} {ergonomic}
     bool ProfileInterpreter                       = false                                  {pd product} {command line}
    uintx ProfiledCodeHeapSize                     = 0                                      {pd product} {ergonomic}
     bool ShowCodeDetailsInExceptionMessages       = true                                   {manageable} {command line}
   size_t SoftMaxHeapSize                          = 2116026368                             {manageable} {ergonomic}
     intx TieredStopAtLevel                        = 1                                         {product} {command line}
     bool UseCompressedClassPointers               = true                           {product lp64_product} {ergonomic}
     bool UseCompressedOops                        = true                           {product lp64_product} {ergonomic}
     bool UseG1GC                                  = true                                      {product} {ergonomic}
     bool UseLargePagesIndividualAllocation        = false                                  {pd product} {ergonomic}

Logging:
Log output configuration:
 #0: stdout all=warning uptime,level,tags
 #1: stderr all=off uptime,level,tags

Environment Variables:
PATH=C:/Users/HP/Downloads/sts-4.20.0.RELEASE//plugins/org.eclipse.justj.openjdk.hotspot.jre.full.win32.x86_64_17.0.8.v20230831-1047/jre/bin/server;C:/Users/HP/Downloads/sts-4.20.0.RELEASE//plugins/org.eclipse.justj.openjdk.hotspot.jre.full.win32.x86_64_17.0.8.v20230831-1047/jre/bin;C:\Program Files\Common Files\Oracle\Java\javapath;C:\Program Files (x86)\Common Files\Oracle\Java\java8path;C:\Program Files (x86)\Common Files\Oracle\Java\javapath;C:\Windows\system32;C:\Windows;C:\Windows\System32\Wbem;C:\Windows\System32\WindowsPowerShell\v1.0\;C:\Windows\System32\OpenSSH\;C:\Program Files\Git\cmd;C:\xampp\php;C:\ProgramData\ComposerSetup\bin;C:\Program Files\Java\jdk-1.8\bin;C:\Users\HP\AppData\Roaming\nvm;C:\Program Files\nodejs;C:\Program Files\Docker\Docker\resources\bin;C:\Users\HP\AppData\Local\Programs\Python\Python313\Scripts\;C:\Users\HP\AppData\Local\Programs\Python\Python313\;C:\Users\HP\AppData\Local\Microsoft\WindowsApps;C:\Users\HP\AppData\Local\Programs\Microsoft VS Code\bin;C:\Users\HP\AppData\Roaming\npm;C:\Users\HP\AppData\Roaming\Composer\vendor\bin;C:\Users\HP\AppData\Roaming\nvm;C:\Program Files\nodejs;C:\Program Files\JetBrains\PyCharm 2024.3.2\bin;;C:\Users\HP\Downloads\sts-4.20.0.RELEASE;
USERNAME=Zakariae
OS=Windows_NT
PROCESSOR_IDENTIFIER=Intel64 Family 6 Model 142 Stepping 9, GenuineIntel
TMP=C:\Users\HP\AppData\Local\Temp
TEMP=C:\Users\HP\AppData\Local\Temp



---------------  S Y S T E M  ---------------

OS:
 Windows 11 , 64 bit Build 22621 (10.0.22621.3958)
OS uptime: 0 days 1:41 hours
Hyper-V role detected

CPU: total 4 (initial active 4) (2 cores per cpu, 2 threads per core) family 6 model 142 stepping 9 microcode 0xf6, cx8, cmov, fxsr, ht, mmx, 3dnowpref, sse, sse2, sse3, ssse3, sse4.1, sse4.2, popcnt, lzcnt, tsc, tscinvbit, avx, avx2, aes, erms, clmul, bmi1, bmi2, rtm, adx, fma, vzeroupper, clflush, clflushopt, hv
Processor Information for all 4 processors :
  Max Mhz: 2712, Current Mhz: 2611, Mhz Limit: 2603

Memory: 4k page, system-wide physical 8067M (648M free)
TotalPageFile size 10086M (AvailPageFile size 72M)
current process WorkingSet (physical memory assigned to process): 239M, peak: 239M
current process commit charge ("private bytes"): 316M, peak: 419M

vm_info: OpenJDK 64-Bit Server VM (17.0.8.1+1) for windows-amd64 JRE (17.0.8.1+1), built on Aug 23 2023 15:29:17 by "admin" with MS VC++ 16.7 (VS2019)

END.
